<?xml version="1.0" encoding="UTF-8"?>
<testng-results skipped="0" failed="0" total="4" passed="4">
  <reporter-output>
  </reporter-output>
  <suite name="YrTest" duration-ms="34149" started-at="2018-11-12T13:18:04Z" finished-at="2018-11-12T13:18:38Z">
    <groups>
    </groups>
    <test name="Command line test" duration-ms="34149" started-at="2018-11-12T13:18:04Z" finished-at="2018-11-12T13:18:38Z">
      <class name="YrTest">
        <test-method status="PASS" signature="setUp()[pri:0, instance:YrTest@5d624da6]" name="setUp" is-config="true" duration-ms="4751" started-at="2018-11-12T14:18:04Z" finished-at="2018-11-12T14:18:09Z">
          <reporter-output>
          </reporter-output>
        </test-method> <!-- setUp -->
        <test-method status="PASS" signature="testSearch()[pri:0, instance:YrTest@5d624da6]" name="testSearch" duration-ms="5732" started-at="2018-11-12T14:18:09Z" finished-at="2018-11-12T14:18:15Z">
          <reporter-output>
          </reporter-output>
        </test-method> <!-- testSearch -->
        <test-method status="PASS" signature="testSearchAndHittingEnter()[pri:0, instance:YrTest@5d624da6]" name="testSearchAndHittingEnter" duration-ms="3155" started-at="2018-11-12T14:18:15Z" finished-at="2018-11-12T14:18:18Z">
          <reporter-output>
          </reporter-output>
        </test-method> <!-- testSearchAndHittingEnter -->
        <test-method status="PASS" signature="testSearchAndNavigateLinks()[pri:0, instance:YrTest@5d624da6]" name="testSearchAndNavigateLinks" duration-ms="10230" started-at="2018-11-12T14:18:18Z" finished-at="2018-11-12T14:18:28Z">
          <reporter-output>
          </reporter-output>
        </test-method> <!-- testSearchAndNavigateLinks -->
        <test-method status="PASS" signature="testSearchAndNavigateLinks2()[pri:0, instance:YrTest@5d624da6]" name="testSearchAndNavigateLinks2" duration-ms="9675" started-at="2018-11-12T14:18:28Z" finished-at="2018-11-12T14:18:38Z">
          <reporter-output>
          </reporter-output>
        </test-method> <!-- testSearchAndNavigateLinks2 -->
        <test-method status="PASS" signature="tearDown()[pri:0, instance:YrTest@5d624da6]" name="tearDown" is-config="true" duration-ms="590" started-at="2018-11-12T14:18:38Z" finished-at="2018-11-12T14:18:38Z">
          <reporter-output>
          </reporter-output>
        </test-method> <!-- tearDown -->
      </class> <!-- YrTest -->
    </test> <!-- Command line test -->
  </suite> <!-- YrTest -->
</testng-results>
