<?xml version="1.0" encoding="UTF-8" ?>
<testsuite tests="4" failures="2" name="YrTest" time="58.389" errors="0" skipped="0">
  <properties>
[...]
</properties>
  <testcase classname="YrTest" name="testSearch" time="4.956"/>
  <testcase classname="YrTest" name="testSearchAndHittingEnter" time="2.928"/>
  <testcase classname="YrTest" name="testSearchAndNavigateLinks" time="25.81">
    <failure message="Unable to locate element: VÃ¦rradar
For documentation on this error, please visit: http://seleniumhq.org/exceptions/no_such_element.html
Build info: version: &apos;3.5.3&apos;, revision: &apos;a88d25fe6b&apos;, time: &apos;2017-08-29T12:42:44.417Z&apos;
System info: host: &apos;LAPTOP-R88FV3I9&apos;, ip: &apos;192.168.10.153&apos;, os.name: &apos;Windows 10&apos;, os.arch: &apos;amd64&apos;, os.version: &apos;10.0&apos;, java.version: &apos;1.8.0_112&apos;
Driver info: org.openqa.selenium.firefox.FirefoxDriver
Capabilities [{moz:profile=C:\Users\Kris\AppData\Local\Temp\rust_mozprofile.WtJ5yJxAfEt6, rotatable=false, timeouts={implicit=0, pageLoad=300000, script=30000}, pageLoadStrategy=normal, moz:headless=false, platform=XP, specificationLevel=0, moz:accessibilityChecks=false, acceptInsecureCerts=false, browserVersion=56.0, platformVersion=10.0, moz:processID=11900, browserName=firefox, javascriptEnabled=true, platformName=XP}]
Session ID: ec6293b4-0b64-4e3b-bbad-fa2068521811
*** Element info: {Using=link text, value=VÃ¦rradar}" type="org.openqa.selenium.NoSuchElementException">org.openqa.selenium.NoSuchElementException: Unable to locate element: VÃ¦rradar
For documentation on this error, please visit: http://seleniumhq.org/exceptions/no_such_element.html
Build info: version: &apos;3.5.3&apos;, revision: &apos;a88d25fe6b&apos;, time: &apos;2017-08-29T12:42:44.417Z&apos;
System info: host: &apos;LAPTOP-R88FV3I9&apos;, ip: &apos;192.168.10.153&apos;, os.name: &apos;Windows 10&apos;, os.arch: &apos;amd64&apos;, os.version: &apos;10.0&apos;, java.version: &apos;1.8.0_112&apos;
Driver info: org.openqa.selenium.firefox.FirefoxDriver
Capabilities [{moz:profile=C:\Users\Kris\AppData\Local\Temp\rust_mozprofile.WtJ5yJxAfEt6, rotatable=false, timeouts={implicit=0, pageLoad=300000, script=30000}, pageLoadStrategy=normal, moz:headless=false, platform=XP, specificationLevel=0, moz:accessibilityChecks=false, acceptInsecureCerts=false, browserVersion=56.0, platformVersion=10.0, moz:processID=11900, browserName=firefox, javascriptEnabled=true, platformName=XP}]
Session ID: ec6293b4-0b64-4e3b-bbad-fa2068521811
*** Element info: {Using=link text, value=VÃ¦rradar}
	at sun.reflect.NativeConstructorAccessorImpl.newInstance0(Native Method)
	at sun.reflect.NativeConstructorAccessorImpl.newInstance(NativeConstructorAccessorImpl.java:62)
	at sun.reflect.DelegatingConstructorAccessorImpl.newInstance(DelegatingConstructorAccessorImpl.java:45)
	at java.lang.reflect.Constructor.newInstance(Constructor.java:423)
	at org.openqa.selenium.remote.http.W3CHttpResponseCodec.createException(W3CHttpResponseCodec.java:185)
	at org.openqa.selenium.remote.http.W3CHttpResponseCodec.decode(W3CHttpResponseCodec.java:120)
	at org.openqa.selenium.remote.http.W3CHttpResponseCodec.decode(W3CHttpResponseCodec.java:49)
	at org.openqa.selenium.remote.HttpCommandExecutor.execute(HttpCommandExecutor.java:164)
	at org.openqa.selenium.remote.service.DriverCommandExecutor.execute(DriverCommandExecutor.java:82)
	at org.openqa.selenium.remote.RemoteWebDriver.execute(RemoteWebDriver.java:646)
	at org.openqa.selenium.remote.RemoteWebDriver.findElement(RemoteWebDriver.java:416)
	at org.openqa.selenium.remote.RemoteWebDriver.findElementByLinkText(RemoteWebDriver.java:470)
	at org.openqa.selenium.By$ByLinkText.findElement(By.java:246)
	at org.openqa.selenium.remote.RemoteWebDriver.findElement(RemoteWebDriver.java:408)
	at org.openqa.selenium.support.pagefactory.DefaultElementLocator.findElement(DefaultElementLocator.java:69)
	at org.openqa.selenium.support.pagefactory.internal.LocatingElementHandler.invoke(LocatingElementHandler.java:38)
	at com.sun.proxy.$Proxy7.click(Unknown Source)
	at PlacePage.clickOnWeatherRadarLink(PlacePage.java:59)
	at YrTest.testSearchAndNavigateLinks(YrTest.java:80)
</failure>
    <system-err>1541648672848	Marionette	DEBUG	Received DOM event &quot;beforeunload&quot; for &quot;https://www.yr.no/sted/Norge/Buskerud/Drammen/Drammen/&quot;
1541648672883	Marionette	DEBUG	Received DOM event &quot;pagehide&quot; for &quot;https://www.yr.no/sted/Norge/Buskerud/Drammen/Drammen/&quot;
1541648672889	Marionette	DEBUG	Received DOM event &quot;unload&quot; for &quot;https://www.yr.no/sted/Norge/Buskerud/Drammen/Drammen/&quot;
1541648673139	Marionette	DEBUG	Received observer notification &quot;outer-window-destroyed&quot; for &quot;6442451012&quot;
1541648673140	Marionette	DEBUG	Received observer notification &quot;outer-window-destroyed&quot; for &quot;6442451013&quot;
1541648673140	Marionette	DEBUG	Received observer notification &quot;outer-window-destroyed&quot; for &quot;6442451010&quot;
1541648673273	Marionette	DEBUG	Received DOM event &quot;DOMContentLoaded&quot; for &quot;https://www.yr.no/&quot;
1541648673901	Marionette	DEBUG	Received DOM event &quot;pageshow&quot; for &quot;https://www.yr.no/&quot;
1541648674150	Marionette	DEBUG	Received DOM event &quot;beforeunload&quot; for &quot;https://www.yr.no/&quot;
1541648674206	Marionette	DEBUG	Received observer notification &quot;outer-window-destroyed&quot; for &quot;6442451019&quot;
1541648674206	Marionette	DEBUG	Received observer notification &quot;outer-window-destroyed&quot; for &quot;6442451020&quot;
1541648674207	Marionette	DEBUG	Received observer notification &quot;outer-window-destroyed&quot; for &quot;6442451021&quot;
1541648674208	Marionette	DEBUG	Received observer notification &quot;outer-window-destroyed&quot; for &quot;6442451022&quot;
1541648674209	Marionette	DEBUG	Received observer notification &quot;outer-window-destroyed&quot; for &quot;6442451023&quot;
1541648674209	Marionette	DEBUG	Received observer notification &quot;outer-window-destroyed&quot; for &quot;6442451024&quot;
1541648674210	Marionette	DEBUG	Received observer notification &quot;outer-window-destroyed&quot; for &quot;6442451025&quot;
1541648674211	Marionette	DEBUG	Received observer notification &quot;outer-window-destroyed&quot; for &quot;6442451026&quot;
1541648674238	Marionette	DEBUG	Received DOM event &quot;pagehide&quot; for &quot;https://www.yr.no/&quot;
1541648674242	Marionette	DEBUG	Received DOM event &quot;unload&quot; for &quot;https://www.yr.no/&quot;
1541648674433	Marionette	DEBUG	Received DOM event &quot;DOMContentLoaded&quot; for &quot;https://www.yr.no/soek/soek.aspx?sted=Oslo&quot;
1541648674485	Marionette	DEBUG	Received observer notification &quot;outer-window-destroyed&quot; for &quot;6442451017&quot;
1541648674531	Marionette	DEBUG	Received DOM event &quot;pageshow&quot; for &quot;https://www.yr.no/soek/soek.aspx?sted=Oslo&quot;
1541648674578	Marionette	DEBUG	Received DOM event &quot;beforeunload&quot; for &quot;https://www.yr.no/soek/soek.aspx?sted=Oslo&quot;
1541648674639	Marionette	DEBUG	Received DOM event &quot;pagehide&quot; for &quot;https://www.yr.no/soek/soek.aspx?sted=Oslo&quot;
1541648674639	Marionette	DEBUG	Received DOM event &quot;unload&quot; for &quot;https://www.yr.no/soek/soek.aspx?sted=Oslo&quot;
1541648675043	Marionette	DEBUG	Received DOM event &quot;DOMContentLoaded&quot; for &quot;https://www.yr.no/sted/Norge/Oslo/Oslo/Oslo/&quot;
1541648675385	Marionette	DEBUG	Received DOM event &quot;pageshow&quot; for &quot;https://www.yr.no/sted/Norge/Oslo/Oslo/Oslo/&quot;
1541648675598	Marionette	DEBUG	Received DOM event &quot;beforeunload&quot; for &quot;https://www.yr.no/sted/Norge/Oslo/Oslo/Oslo/&quot;
1541648675731	Marionette	DEBUG	Received DOM event &quot;pagehide&quot; for &quot;https://www.yr.no/sted/Norge/Oslo/Oslo/Oslo/&quot;
1541648675741	Marionette	DEBUG	Received DOM event &quot;unload&quot; for &quot;https://www.yr.no/sted/Norge/Oslo/Oslo/Oslo/&quot;
1541648676424	Marionette	DEBUG	Received observer notification &quot;outer-window-destroyed&quot; for &quot;6442451039&quot;
1541648676424	Marionette	DEBUG	Received observer notification &quot;outer-window-destroyed&quot; for &quot;6442451040&quot;
1541648676424	Marionette	DEBUG	Received observer notification &quot;outer-window-destroyed&quot; for &quot;6442451037&quot;
1541648676739	Marionette	DEBUG	Received DOM event &quot;DOMContentLoaded&quot; for &quot;https://www.yr.no/sted/Norge/Oslo/Oslo/Oslo/time_for_time.html&quot;
1541648676810	Marionette	DEBUG	Received DOM event &quot;pageshow&quot; for &quot;https://www.yr.no/sted/Norge/Oslo/Oslo/Oslo/time_for_time.html&quot;
1541648676882	Marionette	DEBUG	Received DOM event &quot;beforeunload&quot; for &quot;https://www.yr.no/sted/Norge/Oslo/Oslo/Oslo/time_for_time.html&quot;
1541648676922	Marionette	DEBUG	Received DOM event &quot;pagehide&quot; for &quot;https://www.yr.no/sted/Norge/Oslo/Oslo/Oslo/time_for_time.html&quot;
1541648676922	Marionette	DEBUG	Received DOM event &quot;unload&quot; for &quot;https://www.yr.no/sted/Norge/Oslo/Oslo/Oslo/time_for_time.html&quot;
1541648677513	Marionette	DEBUG	Received DOM event &quot;DOMContentLoaded&quot; for &quot;https://www.yr.no/sted/Norge/Oslo/Oslo/Oslo/time_for_time_detaljert.html&quot;
1541648677704	Marionette	DEBUG	Received DOM event &quot;pageshow&quot; for &quot;https://www.yr.no/sted/Norge/Oslo/Oslo/Oslo/time_for_time_detaljert.html&quot;
1541648677777	Marionette	DEBUG	Received DOM event &quot;beforeunload&quot; for &quot;https://www.yr.no/sted/Norge/Oslo/Oslo/Oslo/time_for_time_detaljert.html&quot;
1541648677813	Marionette	DEBUG	Received DOM event &quot;pagehide&quot; for &quot;https://www.yr.no/sted/Norge/Oslo/Oslo/Oslo/time_for_time_detaljert.html&quot;
1541648677813	Marionette	DEBUG	Received DOM event &quot;unload&quot; for &quot;https://www.yr.no/sted/Norge/Oslo/Oslo/Oslo/time_for_time_detaljert.html&quot;
1541648678506	Marionette	DEBUG	Received DOM event &quot;DOMContentLoaded&quot; for &quot;https://www.yr.no/sted/Norge/Oslo/Oslo/Oslo/langtidsvarsel.html&quot;
1541648678587	Marionette	DEBUG	Received DOM event &quot;pageshow&quot; for &quot;https://www.yr.no/sted/Norge/Oslo/Oslo/Oslo/langtidsvarsel.html&quot;
</system-err>
  </testcase>
  <testcase classname="YrTest" name="testSearchAndNavigateLinks2" time="24.695">
    <failure message="Unable to locate element: VÃ¦rradar
For documentation on this error, please visit: http://seleniumhq.org/exceptions/no_such_element.html
Build info: version: &apos;3.5.3&apos;, revision: &apos;a88d25fe6b&apos;, time: &apos;2017-08-29T12:42:44.417Z&apos;
System info: host: &apos;LAPTOP-R88FV3I9&apos;, ip: &apos;192.168.10.153&apos;, os.name: &apos;Windows 10&apos;, os.arch: &apos;amd64&apos;, os.version: &apos;10.0&apos;, java.version: &apos;1.8.0_112&apos;
Driver info: org.openqa.selenium.firefox.FirefoxDriver
Capabilities [{moz:profile=C:\Users\Kris\AppData\Local\Temp\rust_mozprofile.WtJ5yJxAfEt6, rotatable=false, timeouts={implicit=0, pageLoad=300000, script=30000}, pageLoadStrategy=normal, moz:headless=false, platform=XP, specificationLevel=0, moz:accessibilityChecks=false, acceptInsecureCerts=false, browserVersion=56.0, platformVersion=10.0, moz:processID=11900, browserName=firefox, javascriptEnabled=true, platformName=XP}]
Session ID: ec6293b4-0b64-4e3b-bbad-fa2068521811
*** Element info: {Using=link text, value=VÃ¦rradar}" type="org.openqa.selenium.NoSuchElementException">org.openqa.selenium.NoSuchElementException: Unable to locate element: VÃ¦rradar
For documentation on this error, please visit: http://seleniumhq.org/exceptions/no_such_element.html
Build info: version: &apos;3.5.3&apos;, revision: &apos;a88d25fe6b&apos;, time: &apos;2017-08-29T12:42:44.417Z&apos;
System info: host: &apos;LAPTOP-R88FV3I9&apos;, ip: &apos;192.168.10.153&apos;, os.name: &apos;Windows 10&apos;, os.arch: &apos;amd64&apos;, os.version: &apos;10.0&apos;, java.version: &apos;1.8.0_112&apos;
Driver info: org.openqa.selenium.firefox.FirefoxDriver
Capabilities [{moz:profile=C:\Users\Kris\AppData\Local\Temp\rust_mozprofile.WtJ5yJxAfEt6, rotatable=false, timeouts={implicit=0, pageLoad=300000, script=30000}, pageLoadStrategy=normal, moz:headless=false, platform=XP, specificationLevel=0, moz:accessibilityChecks=false, acceptInsecureCerts=false, browserVersion=56.0, platformVersion=10.0, moz:processID=11900, browserName=firefox, javascriptEnabled=true, platformName=XP}]
Session ID: ec6293b4-0b64-4e3b-bbad-fa2068521811
*** Element info: {Using=link text, value=VÃ¦rradar}
	at sun.reflect.NativeConstructorAccessorImpl.newInstance0(Native Method)
	at sun.reflect.NativeConstructorAccessorImpl.newInstance(NativeConstructorAccessorImpl.java:62)
	at sun.reflect.DelegatingConstructorAccessorImpl.newInstance(DelegatingConstructorAccessorImpl.java:45)
	at java.lang.reflect.Constructor.newInstance(Constructor.java:423)
	at org.openqa.selenium.remote.http.W3CHttpResponseCodec.createException(W3CHttpResponseCodec.java:185)
	at org.openqa.selenium.remote.http.W3CHttpResponseCodec.decode(W3CHttpResponseCodec.java:120)
	at org.openqa.selenium.remote.http.W3CHttpResponseCodec.decode(W3CHttpResponseCodec.java:49)
	at org.openqa.selenium.remote.HttpCommandExecutor.execute(HttpCommandExecutor.java:164)
	at org.openqa.selenium.remote.service.DriverCommandExecutor.execute(DriverCommandExecutor.java:82)
	at org.openqa.selenium.remote.RemoteWebDriver.execute(RemoteWebDriver.java:646)
	at org.openqa.selenium.remote.RemoteWebDriver.findElement(RemoteWebDriver.java:416)
	at org.openqa.selenium.remote.RemoteWebDriver.findElementByLinkText(RemoteWebDriver.java:470)
	at org.openqa.selenium.By$ByLinkText.findElement(By.java:246)
	at org.openqa.selenium.remote.RemoteWebDriver.findElement(RemoteWebDriver.java:408)
	at org.openqa.selenium.support.pagefactory.DefaultElementLocator.findElement(DefaultElementLocator.java:69)
	at org.openqa.selenium.support.pagefactory.internal.LocatingElementHandler.invoke(LocatingElementHandler.java:38)
	at com.sun.proxy.$Proxy7.click(Unknown Source)
	at PlacePage2.clickOnWeatherRadarLink(PlacePage2.java:64)
	at YrTest.testSearchAndNavigateLinks2(YrTest.java:112)
</failure>
    <system-err>1541648698636	Marionette	DEBUG	Received DOM event &quot;beforeunload&quot; for &quot;https://www.yr.no/sted/Norge/Oslo/Oslo/Oslo/langtidsvarsel.html&quot;
1541648698681	Marionette	DEBUG	Received DOM event &quot;pagehide&quot; for &quot;https://www.yr.no/sted/Norge/Oslo/Oslo/Oslo/langtidsvarsel.html&quot;
1541648698682	Marionette	DEBUG	Received DOM event &quot;unload&quot; for &quot;https://www.yr.no/sted/Norge/Oslo/Oslo/Oslo/langtidsvarsel.html&quot;
1541648699016	Marionette	DEBUG	Received DOM event &quot;DOMContentLoaded&quot; for &quot;https://www.yr.no/&quot;
1541648699488	Marionette	DEBUG	Received DOM event &quot;pageshow&quot; for &quot;https://www.yr.no/&quot;
1541648699813	Marionette	DEBUG	Received DOM event &quot;beforeunload&quot; for &quot;https://www.yr.no/&quot;
1541648699865	Marionette	DEBUG	Received DOM event &quot;pagehide&quot; for &quot;https://www.yr.no/&quot;
1541648699871	Marionette	DEBUG	Received DOM event &quot;unload&quot; for &quot;https://www.yr.no/&quot;
1541648700110	Marionette	DEBUG	Received DOM event &quot;DOMContentLoaded&quot; for &quot;https://www.yr.no/soek/soek.aspx?sted=Oslo&quot;
1541648700138	Marionette	DEBUG	Received observer notification &quot;outer-window-destroyed&quot; for &quot;6442451049&quot;
1541648700139	Marionette	DEBUG	Received observer notification &quot;outer-window-destroyed&quot; for &quot;6442451051&quot;
1541648700140	Marionette	DEBUG	Received observer notification &quot;outer-window-destroyed&quot; for &quot;6442451053&quot;
1541648700140	Marionette	DEBUG	Received observer notification &quot;outer-window-destroyed&quot; for &quot;6442451055&quot;
1541648700141	Marionette	DEBUG	Received observer notification &quot;outer-window-destroyed&quot; for &quot;6442451057&quot;
1541648700141	Marionette	DEBUG	Received observer notification &quot;outer-window-destroyed&quot; for &quot;6442451059&quot;
1541648700142	Marionette	DEBUG	Received observer notification &quot;outer-window-destroyed&quot; for &quot;6442451061&quot;
1541648700143	Marionette	DEBUG	Received observer notification &quot;outer-window-destroyed&quot; for &quot;6442451063&quot;
1541648700144	Marionette	DEBUG	Received observer notification &quot;outer-window-destroyed&quot; for &quot;6442451047&quot;
1541648700207	Marionette	DEBUG	Received DOM event &quot;pageshow&quot; for &quot;https://www.yr.no/soek/soek.aspx?sted=Oslo&quot;
1541648700264	Marionette	DEBUG	Received DOM event &quot;beforeunload&quot; for &quot;https://www.yr.no/soek/soek.aspx?sted=Oslo&quot;
1541648700290	Marionette	DEBUG	Received DOM event &quot;pagehide&quot; for &quot;https://www.yr.no/soek/soek.aspx?sted=Oslo&quot;
1541648700291	Marionette	DEBUG	Received DOM event &quot;unload&quot; for &quot;https://www.yr.no/soek/soek.aspx?sted=Oslo&quot;
1541648700691	Marionette	DEBUG	Received DOM event &quot;DOMContentLoaded&quot; for &quot;https://www.yr.no/sted/Norge/Oslo/Oslo/Oslo/&quot;
1541648701027	Marionette	DEBUG	Received DOM event &quot;pageshow&quot; for &quot;https://www.yr.no/sted/Norge/Oslo/Oslo/Oslo/&quot;
1541648701284	Marionette	DEBUG	Received DOM event &quot;beforeunload&quot; for &quot;https://www.yr.no/sted/Norge/Oslo/Oslo/Oslo/&quot;
1541648701407	Marionette	DEBUG	Received DOM event &quot;pagehide&quot; for &quot;https://www.yr.no/sted/Norge/Oslo/Oslo/Oslo/&quot;
1541648701414	Marionette	DEBUG	Received DOM event &quot;unload&quot; for &quot;https://www.yr.no/sted/Norge/Oslo/Oslo/Oslo/&quot;
1541648701641	Marionette	DEBUG	Received DOM event &quot;DOMContentLoaded&quot; for &quot;https://www.yr.no/sted/Norge/Oslo/Oslo/Oslo/time_for_time.html&quot;
1541648701884	Marionette	DEBUG	Received observer notification &quot;outer-window-destroyed&quot; for &quot;6442451069&quot;
1541648701887	Marionette	DEBUG	Received observer notification &quot;outer-window-destroyed&quot; for &quot;6442451070&quot;
1541648701887	Marionette	DEBUG	Received observer notification &quot;outer-window-destroyed&quot; for &quot;6442451067&quot;
1541648701957	Marionette	DEBUG	Received DOM event &quot;pageshow&quot; for &quot;https://www.yr.no/sted/Norge/Oslo/Oslo/Oslo/time_for_time.html&quot;
1541648702024	Marionette	DEBUG	Received DOM event &quot;beforeunload&quot; for &quot;https://www.yr.no/sted/Norge/Oslo/Oslo/Oslo/time_for_time.html&quot;
1541648702055	Marionette	DEBUG	Received DOM event &quot;pagehide&quot; for &quot;https://www.yr.no/sted/Norge/Oslo/Oslo/Oslo/time_for_time.html&quot;
1541648702055	Marionette	DEBUG	Received DOM event &quot;unload&quot; for &quot;https://www.yr.no/sted/Norge/Oslo/Oslo/Oslo/time_for_time.html&quot;
1541648702571	Marionette	DEBUG	Received DOM event &quot;DOMContentLoaded&quot; for &quot;https://www.yr.no/sted/Norge/Oslo/Oslo/Oslo/time_for_time_detaljert.html&quot;
1541648702804	Marionette	DEBUG	Received DOM event &quot;pageshow&quot; for &quot;https://www.yr.no/sted/Norge/Oslo/Oslo/Oslo/time_for_time_detaljert.html&quot;
1541648702879	Marionette	DEBUG	Received DOM event &quot;beforeunload&quot; for &quot;https://www.yr.no/sted/Norge/Oslo/Oslo/Oslo/time_for_time_detaljert.html&quot;
1541648702920	Marionette	DEBUG	Received DOM event &quot;pagehide&quot; for &quot;https://www.yr.no/sted/Norge/Oslo/Oslo/Oslo/time_for_time_detaljert.html&quot;
1541648702920	Marionette	DEBUG	Received DOM event &quot;unload&quot; for &quot;https://www.yr.no/sted/Norge/Oslo/Oslo/Oslo/time_for_time_detaljert.html&quot;
1541648703128	Marionette	DEBUG	Received DOM event &quot;DOMContentLoaded&quot; for &quot;https://www.yr.no/sted/Norge/Oslo/Oslo/Oslo/langtidsvarsel.html&quot;
1541648703304	Marionette	DEBUG	Received DOM event &quot;pageshow&quot; for &quot;https://www.yr.no/sted/Norge/Oslo/Oslo/Oslo/langtidsvarsel.html&quot;
</system-err>
  </testcase>
</testsuite>